<persistence xmlns="http://java.sun.com/xml/ns/persistence"
	xmlns:xsi="http://www.w3.org/2001/XMLSchema-instance"
	xsi:schemaLocation="http://java.sun.com/xml/ns/persistence http://java.sun.com/xml/ns/persistence/persistence_2_0.xsd"
	version="2.0">
	<persistence-unit name="submarinoPU">
		<provider>org.hibernate.ejb.HibernatePersistence</provider>
		<jta-data-source>jdbc/arquillian</jta-data-source>
		<properties>
		    <property name="hibernate.transaction.jta.platform" value="org.hibernate.service.jta.platform.internal.SunOneJtaPlatform" />
			<property name="hibernate.show_sql" value="true" />
			<property name="hibernate.format_sql" value="false" />
			<property name="hibernate.hbm2ddl.auto" value="create-drop" />
			<property name="hibernate.dialect" value="org.hibernate.dialect.HSQLDialect" />
			<property name="hibernate.connection.url" value="jdbc:hsqldb:mem:splecommerce-test" />
			<property name="hibernate.search.default.directory_provider"
				value="filesystem" />
			<property name="hibernate.search.default.indexBase" value="indexes" />
		</properties>
	</persistence-unit>
</persistence>